Namespace(lam=None, mu=None, max_iter=1000, eps_primal=1e-07, eps_dual=1e-05, rho=1.6, initial_sv=10, max_mu=1000000.0, verbose=True, save_interval=5)
Iteration    0: Primal Error = 3443.757047 	Dual Error =   0.003896
Iteration    1: Primal Error =   0.045367 	Dual Error =   0.006245
Iteration    2: Primal Error =   0.145683 	Dual Error =   0.000021
Iteration    3: Primal Error =   0.124074 	Dual Error =   0.000000
Iteration    4: Primal Error =   0.123444 	Dual Error =   0.000000
Iteration    5: Primal Error =   0.118191 	Dual Error =   0.000000
Iteration    6: Primal Error =   0.101910 	Dual Error =   0.000001
Iteration    7: Primal Error =   0.068427 	Dual Error =   0.000002
Iteration    8: Primal Error =   0.041175 	Dual Error =   0.000002
Iteration    9: Primal Error =   0.029184 	Dual Error =   0.000002
Iteration   10: Primal Error =   0.020662 	Dual Error =   0.000002
Iteration   11: Primal Error =   0.016537 	Dual Error =   0.000002
Iteration   12: Primal Error =   0.012909 	Dual Error =   0.000003
Iteration   13: Primal Error =   0.009606 	Dual Error =   0.000004
Iteration   14: Primal Error =   0.006086 	Dual Error =   0.000005
Iteration   15: Primal Error =   0.003467 	Dual Error =   0.000006
Iteration   16: Primal Error =   0.001837 	Dual Error =   0.000006
Iteration   17: Primal Error =   0.000944 	Dual Error =   0.000005
Iteration   18: Primal Error =   0.000474 	Dual Error =   0.000004
Iteration   19: Primal Error =   0.000252 	Dual Error =   0.000004
Iteration   20: Primal Error =   0.000142 	Dual Error =   0.000003
Iteration   21: Primal Error =   0.000082 	Dual Error =   0.000003
Iteration   22: Primal Error =   0.000048 	Dual Error =   0.000003
Iteration   23: Primal Error =   0.000028 	Dual Error =   0.000003
Iteration   24: Primal Error =   0.000016 	Dual Error =   0.000003
Iteration   25: Primal Error =   0.000010 	Dual Error =   0.000003
Iteration   26: Primal Error =   0.000006 	Dual Error =   0.000003
Iteration   27: Primal Error =   0.000003 	Dual Error =   0.000003
Iteration   28: Primal Error =   0.000002 	Dual Error =   0.000003
Iteration   29: Primal Error =   0.000001 	Dual Error =   0.000003
Iteration   30: Primal Error =   0.000001 	Dual Error =   0.000003
Iteration   31: Primal Error =   0.000000 	Dual Error =   0.000003
Iteration   32: Primal Error =   0.000000 	Dual Error =   0.000003
Iteration   33: Primal Error =   0.000000 	Dual Error =   0.000003
Iteration   34: Primal Error =   0.000000 	Dual Error =   0.000003
Iteration   35: Primal Error =   0.000000 	Dual Error =   0.000003
Final rank: 368
DONE!
